<?xml version="1.0" encoding="UTF-8"?>
<!-- Generated by org.testng.reporters.JUnitXMLReporter -->
<testsuite ignored="0" hostname="CHDSEZ578256L" failures="0" tests="4" name="Default test" time="109.622" errors="0" timestamp="2023-06-26T12:37:41 IST">
  <testcase classname="com.OrangeHRM.testscenario.TestScenario" name="LoginTest" time="13.04"/>
  <testcase classname="com.OrangeHRM.testscenario.TestScenario" name="AddEmpTest" time="52.577"/>
  <testcase classname="com.OrangeHRM.testscenario.TestScenario" name="LogOutTest" time="5.393"/>
  <testcase classname="com.OrangeHRM.testscenario.TestScenario" name="LoginTest1" time="7.94"/>
</testsuite> <!-- Default test -->
