<?xml version="1.0" encoding="UTF-8"?>
<testng-results ignored="0" total="4" passed="4" failed="0" skipped="0">
  <reporter-output>
  </reporter-output>
  <suite started-at="2023-06-26T12:35:51 IST" name="Default suite" finished-at="2023-06-26T12:37:41 IST" duration-ms="109622">
    <groups>
    </groups>
    <test started-at="2023-06-26T12:35:51 IST" name="Default test" finished-at="2023-06-26T12:37:41 IST" duration-ms="109622">
      <class name="com.OrangeHRM.testscenario.TestScenario">
        <test-method is-config="true" signature="setUp()[pri:0, instance:com.OrangeHRM.testscenario.TestScenario@4f80542f]" started-at="2023-06-26T12:35:51 IST" name="setUp" finished-at="2023-06-26T12:36:21 IST" duration-ms="29922" status="PASS">
          <reporter-output>
          </reporter-output>
        </test-method> <!-- setUp -->
        <test-method signature="LoginTest()[pri:1, instance:com.OrangeHRM.testscenario.TestScenario@4f80542f]" started-at="2023-06-26T12:36:21 IST" name="LoginTest" finished-at="2023-06-26T12:36:34 IST" duration-ms="13040" status="PASS">
          <reporter-output>
          </reporter-output>
        </test-method> <!-- LoginTest -->
        <test-method signature="AddEmpTest(java.lang.String,java.lang.String,java.lang.String,java.lang.String,java.lang.String,java.lang.String,java.lang.String,java.lang.String,java.lang.String,java.lang.String,java.lang.String,java.lang.String,java.lang.String,java.lang.String,java.lang.String,java.lang.String,java.lang.String,java.lang.String,java.lang.String,java.lang.String,java.lang.String,java.lang.String)[pri:2, instance:com.OrangeHRM.testscenario.TestScenario@4f80542f]" started-at="2023-06-26T12:36:35 IST" name="AddEmpTest" data-provider="testData" finished-at="2023-06-26T12:37:28 IST" duration-ms="52577" status="PASS">
          <params>
            <param index="0">
              <value>
                <![CDATA[Aman]]>
              </value>
            </param>
            <param index="1">
              <value>
                <![CDATA[Kumar]]>
              </value>
            </param>
            <param index="2">
              <value>
                <![CDATA[Sharma]]>
              </value>
            </param>
            <param index="3">
              <value>
                <![CDATA[3487]]>
              </value>
            </param>
            <param index="4">
              <value>
                <![CDATA[AmanJethaJi]]>
              </value>
            </param>
            <param index="5">
              <value>
                <![CDATA[Y]]>
              </value>
            </param>
            <param index="6">
              <value>
                <![CDATA[N]]>
              </value>
            </param>
            <param index="7">
              <value>
                <![CDATA[Aman12##]]>
              </value>
            </param>
            <param index="8">
              <value>
                <![CDATA[Aman12##]]>
              </value>
            </param>
            <param index="9">
              <value>
                <![CDATA[Kaleshi]]>
              </value>
            </param>
            <param index="10">
              <value>
                <![CDATA[12467]]>
              </value>
            </param>
            <param index="11">
              <value>
                <![CDATA[23rt56]]>
              </value>
            </param>
            <param index="12">
              <value>
                <![CDATA[2028-08-23]]>
              </value>
            </param>
            <param index="13">
              <value>
                <![CDATA[348967]]>
              </value>
            </param>
            <param index="14">
              <value>
                <![CDATA[289467]]>
              </value>
            </param>
            <param index="15">
              <value>
                <![CDATA[Indian]]>
              </value>
            </param>
            <param index="16">
              <value>
                <![CDATA[Married]]>
              </value>
            </param>
            <param index="17">
              <value>
                <![CDATA[1996-05-23]]>
              </value>
            </param>
            <param index="18">
              <value>
                <![CDATA[Male]]>
              </value>
            </param>
            <param index="19">
              <value>
                <![CDATA[No]]>
              </value>
            </param>
            <param index="20">
              <value>
                <![CDATA[N]]>
              </value>
            </param>
            <param index="21">
              <value>
                <![CDATA[AB+]]>
              </value>
            </param>
          </params>
          <reporter-output>
          </reporter-output>
        </test-method> <!-- AddEmpTest -->
        <test-method signature="LogOutTest()[pri:3, instance:com.OrangeHRM.testscenario.TestScenario@4f80542f]" started-at="2023-06-26T12:37:28 IST" name="LogOutTest" finished-at="2023-06-26T12:37:33 IST" duration-ms="5393" status="PASS">
          <reporter-output>
          </reporter-output>
        </test-method> <!-- LogOutTest -->
        <test-method signature="LoginTest1(java.lang.String,java.lang.String,java.lang.String,java.lang.String,java.lang.String,java.lang.String,java.lang.String,java.lang.String,java.lang.String,java.lang.String,java.lang.String,java.lang.String,java.lang.String,java.lang.String,java.lang.String,java.lang.String,java.lang.String,java.lang.String,java.lang.String,java.lang.String,java.lang.String,java.lang.String)[pri:4, instance:com.OrangeHRM.testscenario.TestScenario@4f80542f]" started-at="2023-06-26T12:37:33 IST" name="LoginTest1" data-provider="testData" finished-at="2023-06-26T12:37:41 IST" duration-ms="7940" status="PASS">
          <params>
            <param index="0">
              <value>
                <![CDATA[Aman]]>
              </value>
            </param>
            <param index="1">
              <value>
                <![CDATA[Kumar]]>
              </value>
            </param>
            <param index="2">
              <value>
                <![CDATA[Sharma]]>
              </value>
            </param>
            <param index="3">
              <value>
                <![CDATA[3487]]>
              </value>
            </param>
            <param index="4">
              <value>
                <![CDATA[AmanJethaJi]]>
              </value>
            </param>
            <param index="5">
              <value>
                <![CDATA[Y]]>
              </value>
            </param>
            <param index="6">
              <value>
                <![CDATA[N]]>
              </value>
            </param>
            <param index="7">
              <value>
                <![CDATA[Aman12##]]>
              </value>
            </param>
            <param index="8">
              <value>
                <![CDATA[Aman12##]]>
              </value>
            </param>
            <param index="9">
              <value>
                <![CDATA[Kaleshi]]>
              </value>
            </param>
            <param index="10">
              <value>
                <![CDATA[12467]]>
              </value>
            </param>
            <param index="11">
              <value>
                <![CDATA[23rt56]]>
              </value>
            </param>
            <param index="12">
              <value>
                <![CDATA[2028-08-23]]>
              </value>
            </param>
            <param index="13">
              <value>
                <![CDATA[348967]]>
              </value>
            </param>
            <param index="14">
              <value>
                <![CDATA[289467]]>
              </value>
            </param>
            <param index="15">
              <value>
                <![CDATA[Indian]]>
              </value>
            </param>
            <param index="16">
              <value>
                <![CDATA[Married]]>
              </value>
            </param>
            <param index="17">
              <value>
                <![CDATA[1996-05-23]]>
              </value>
            </param>
            <param index="18">
              <value>
                <![CDATA[Male]]>
              </value>
            </param>
            <param index="19">
              <value>
                <![CDATA[No]]>
              </value>
            </param>
            <param index="20">
              <value>
                <![CDATA[N]]>
              </value>
            </param>
            <param index="21">
              <value>
                <![CDATA[AB+]]>
              </value>
            </param>
          </params>
          <reporter-output>
          </reporter-output>
        </test-method> <!-- LoginTest1 -->
        <test-method is-config="true" signature="tearDown()[pri:0, instance:com.OrangeHRM.testscenario.TestScenario@4f80542f]" started-at="2023-06-26T12:37:41 IST" name="tearDown" finished-at="2023-06-26T12:37:41 IST" duration-ms="1" status="PASS">
          <reporter-output>
          </reporter-output>
        </test-method> <!-- tearDown -->
      </class> <!-- com.OrangeHRM.testscenario.TestScenario -->
    </test> <!-- Default test -->
  </suite> <!-- Default suite -->
</testng-results>
